# JRE version: OpenJDK Runtime Environment Temurin-17.0.1+12 (17.0.1+12) (build 17.0.1+12)
# Java VM: OpenJDK 64-Bit Server VM Temurin-17.0.1+12 (17.0.1+12, mixed mode, sharing, tiered, compressed oops, compressed class ptrs, g1 gc, windows-amd64)
GC Precious Log:
 CPUs: 6 total, 6 available
 Memory: 16332M
 Large Page Support: Disabled
 NUMA Support: Disabled
 Compressed Oops: Enabled (Zero based)
 Heap Region Size: 2M
 Heap Min Capacity: 8M
 Heap Initial Capacity: 256M
 Heap Max Capacity: 4084M
 Pre-touch: Disabled
 Parallel Workers: 6
 Concurrent Workers: 2
 Concurrent Refinement Workers: 6
 Periodic GC: Disabled
Heap:
 garbage-first heap   total 362496K, used 278354K [0x0000000700c00000, 0x0000000800000000)
  region size 2048K, 87 young (178176K), 6 survivors (12288K)
 Metaspace       used 50350K, committed 51328K, reserved 1097728K
  class space    used 7112K, committed 7552K, reserved 1048576K
GC Heap History (20 events):
Event: 6.010 GC heap before
{Heap before GC invocations=13 (full 0):
 garbage-first heap   total 192512K, used 169072K [0x0000000700c00000, 0x0000000800000000)
  region size 2048K, 49 young (100352K), 2 survivors (4096K)
 Metaspace       used 31946K, committed 32896K, reserved 1081344K
  class space    used 3886K, committed 4352K, reserved 1048576K
}
Event: 6.013 GC heap after
{Heap after GC invocations=14 (full 0):
 garbage-first heap   total 192512K, used 74179K [0x0000000700c00000, 0x0000000800000000)
  region size 2048K, 3 young (6144K), 3 survivors (6144K)
 Metaspace       used 31946K, committed 32896K, reserved 1081344K
  class space    used 3886K, committed 4352K, reserved 1048576K
}
Event: 6.342 GC heap before
{Heap before GC invocations=14 (full 0):
 garbage-first heap   total 192512K, used 156099K [0x0000000700c00000, 0x0000000800000000)
  region size 2048K, 44 young (90112K), 3 survivors (6144K)
 Metaspace       used 32367K, committed 33344K, reserved 1081344K
  class space    used 3952K, committed 4416K, reserved 1048576K
}
Event: 6.348 GC heap after
{Heap after GC invocations=15 (full 0):
 garbage-first heap   total 192512K, used 75864K [0x0000000700c00000, 0x0000000800000000)
  region size 2048K, 3 young (6144K), 3 survivors (6144K)
 Metaspace       used 32367K, committed 33344K, reserved 1081344K
  class space    used 3952K, committed 4416K, reserved 1048576K
}
Event: 6.572 GC heap before
{Heap before GC invocations=15 (full 0):
 garbage-first heap   total 192512K, used 161880K [0x0000000700c00000, 0x0000000800000000)
  region size 2048K, 45 young (92160K), 3 survivors (6144K)
 Metaspace       used 34257K, committed 35200K, reserved 1081344K
  class space    used 4181K, committed 4608K, reserved 1048576K
}
Event: 6.578 GC heap after
{Heap after GC invocations=16 (full 0):
 garbage-first heap   total 192512K, used 77363K [0x0000000700c00000, 0x0000000800000000)
  region size 2048K, 4 young (8192K), 4 survivors (8192K)
 Metaspace       used 34257K, committed 35200K, reserved 1081344K
  class space    used 4181K, committed 4608K, reserved 1048576K
}
Event: 6.851 GC heap before
{Heap before GC invocations=16 (full 0):
 garbage-first heap   total 192512K, used 159283K [0x0000000700c00000, 0x0000000800000000)
  region size 2048K, 45 young (92160K), 4 survivors (8192K)
 Metaspace       used 36465K, committed 37440K, reserved 1081344K
  class space    used 4669K, committed 5120K, reserved 1048576K
}
Event: 6.855 GC heap after
{Heap after GC invocations=17 (full 0):
 garbage-first heap   total 192512K, used 78918K [0x0000000700c00000, 0x0000000800000000)
  region size 2048K, 4 young (8192K), 4 survivors (8192K)
 Metaspace       used 36465K, committed 37440K, reserved 1081344K
  class space    used 4669K, committed 5120K, reserved 1048576K
}
Event: 6.985 GC heap before
{Heap before GC invocations=17 (full 0):
 garbage-first heap   total 192512K, used 160838K [0x0000000700c00000, 0x0000000800000000)
  region size 2048K, 44 young (90112K), 4 survivors (8192K)
 Metaspace       used 38210K, committed 39232K, reserved 1089536K
  class space    used 4916K, committed 5376K, reserved 1048576K
}
Event: 6.991 GC heap after
{Heap after GC invocations=18 (full 0):
 garbage-first heap   total 231424K, used 80373K [0x0000000700c00000, 0x0000000800000000)
  region size 2048K, 4 young (8192K), 4 survivors (8192K)
 Metaspace       used 38210K, committed 39232K, reserved 1089536K
  class space    used 4916K, committed 5376K, reserved 1048576K
}
Event: 7.155 GC heap before
{Heap before GC invocations=18 (full 0):
 garbage-first heap   total 231424K, used 193013K [0x0000000700c00000, 0x0000000800000000)
  region size 2048K, 59 young (120832K), 4 survivors (8192K)
 Metaspace       used 39607K, committed 40512K, reserved 1089536K
  class space    used 5104K, committed 5504K, reserved 1048576K
}
Event: 7.163 GC heap after
{Heap after GC invocations=19 (full 0):
 garbage-first heap   total 231424K, used 83126K [0x0000000700c00000, 0x0000000800000000)
  region size 2048K, 5 young (10240K), 5 survivors (10240K)
 Metaspace       used 39607K, committed 40512K, reserved 1089536K
  class space    used 5104K, committed 5504K, reserved 1048576K
}
Event: 7.478 GC heap before
{Heap before GC invocations=19 (full 0):
 garbage-first heap   total 231424K, used 193718K [0x0000000700c00000, 0x0000000800000000)
  region size 2048K, 59 young (120832K), 5 survivors (10240K)
 Metaspace       used 41154K, committed 42112K, reserved 1089536K
  class space    used 5372K, committed 5824K, reserved 1048576K
}
Event: 7.489 GC heap after
{Heap after GC invocations=20 (full 0):
 garbage-first heap   total 231424K, used 92409K [0x0000000700c00000, 0x0000000800000000)
  region size 2048K, 8 young (16384K), 8 survivors (16384K)
 Metaspace       used 41154K, committed 42112K, reserved 1089536K
  class space    used 5372K, committed 5824K, reserved 1048576K
}
Event: 7.667 GC heap before
{Heap before GC invocations=20 (full 0):
 garbage-first heap   total 231424K, used 188665K [0x0000000700c00000, 0x0000000800000000)
  region size 2048K, 55 young (112640K), 8 survivors (16384K)
 Metaspace       used 41504K, committed 42496K, reserved 1089536K
  class space    used 5433K, committed 5888K, reserved 1048576K
}
Event: 7.683 GC heap after
{Heap after GC invocations=21 (full 0):
 garbage-first heap   total 231424K, used 104017K [0x0000000700c00000, 0x0000000800000000)
  region size 2048K, 6 young (12288K), 6 survivors (12288K)
 Metaspace       used 41504K, committed 42496K, reserved 1089536K
  class space    used 5433K, committed 5888K, reserved 1048576K
}
Event: 7.815 GC heap before
{Heap before GC invocations=21 (full 0):
 garbage-first heap   total 231424K, used 185937K [0x0000000700c00000, 0x0000000800000000)
  region size 2048K, 46 young (94208K), 6 survivors (12288K)
 Metaspace       used 42112K, committed 43072K, reserved 1089536K
  class space    used 5513K, committed 5952K, reserved 1048576K
}
Event: 7.829 GC heap after
{Heap after GC invocations=22 (full 0):
 garbage-first heap   total 362496K, used 111314K [0x0000000700c00000, 0x0000000800000000)
  region size 2048K, 4 young (8192K), 4 survivors (8192K)
 Metaspace       used 42112K, committed 43072K, reserved 1089536K
  class space    used 5513K, committed 5952K, reserved 1048576K
}
Event: 7.942 GC heap before
{Heap before GC invocations=22 (full 0):
 garbage-first heap   total 362496K, used 150226K [0x0000000700c00000, 0x0000000800000000)
  region size 2048K, 24 young (49152K), 4 survivors (8192K)
 Metaspace       used 42873K, committed 43776K, reserved 1089536K
  class space    used 5660K, committed 6080K, reserved 1048576K
}
Event: 7.949 GC heap after
{Heap after GC invocations=23 (full 0):
 garbage-first heap   total 362496K, used 114514K [0x0000000700c00000, 0x0000000800000000)
  region size 2048K, 6 young (12288K), 6 survivors (12288K)
 Metaspace       used 42873K, committed 43776K, reserved 1089536K
  class space    used 5660K, committed 6080K, reserved 1048576K
}

